<?xml version="1.0" encoding="UTF-8"?>
<!-- Generated by org.testng.reporters.JUnitReportReporter -->
<testsuite hostname="ALIPL5413" failures="0" tests="1" name="tests.WebElement_findElement" time="196.054" errors="1" timestamp="2023-12-12T14:10:04 IST" skipped="0">
  <testcase classname="tests.WebElement_findElement" name="find" time="196.054">
    <error message="session not created: This version of Microsoft Edge WebDriver only supports Microsoft Edge version 121
Current browser version is 120.0.2210.61 with binary path C:\Program Files (x86)\Microsoft\Edge\Application\msedge.exe
Build info: version: &#039;3.141.59&#039;, revision: &#039;e82be7d358&#039;, time: &#039;2018-11-14T08:17:03&#039;
System info: host: &#039;ALIPL5413&#039;, ip: &#039;192.168.0.106&#039;, os.name: &#039;Windows 10&#039;, os.arch: &#039;amd64&#039;, os.version: &#039;10.0&#039;, java.version: &#039;17.0.6&#039;
Driver info: driver.version: EdgeDriver
remote stacktrace: 	GetHandleVerifier [0x00007FF7177B4A52+60594]
	Microsoft::Applications::Events::ILogConfiguration::operator* [0x00007FF717743442+216434]
	(No symbol) [0x00007FF7175599EB]
	(No symbol) [0x00007FF7175983D0]
	(No symbol) [0x00007FF7175976CF]
	(No symbol) [0x00007FF717590784]
	(No symbol) [0x00007FF71758C73C]
	(No symbol) [0x00007FF7175D5F69]
	(No symbol) [0x00007FF7175CAE03]
	(No symbol) [0x00007FF71759C168]
	(No symbol) [0x00007FF71759AFCF]
	(No symbol) [0x00007FF71759BD01]
	Microsoft::Applications::Events::EventProperty::to_string [0x00007FF717962E1C+1037772]
	(No symbol) [0x00007FF71761ED58]
	Microsoft::Applications::Events::EventProperty::~EventProperty [0x00007FF7176BD2EC+35148]
	Microsoft::Applications::Events::EventProperty::~EventProperty [0x00007FF7176B5522+2946]
	Microsoft::Applications::Events::EventProperty::to_string [0x00007FF717961863+1032211]
	Microsoft::Applications::Events::ILogConfiguration::operator* [0x00007FF71774C768+254104]
	Microsoft::Applications::Events::ILogConfiguration::operator* [0x00007FF717747F54+235652]
	Microsoft::Applications::Events::ILogConfiguration::operator* [0x00007FF717748082+235954]
	Microsoft::Applications::Events::ILogConfiguration::operator* [0x00007FF71773DA11+193345]
	BaseThreadInitThunk [0x00007FF9C4E07344+20]
	RtlUserThreadStart [0x00007FF9C6DE26B1+33]
" type="org.openqa.selenium.SessionNotCreatedException">
      <![CDATA[org.openqa.selenium.SessionNotCreatedException: session not created: This version of Microsoft Edge WebDriver only supports Microsoft Edge version 121
Current browser version is 120.0.2210.61 with binary path C:\Program Files (x86)\Microsoft\Edge\Application\msedge.exe
Build info: version: '3.141.59', revision: 'e82be7d358', time: '2018-11-14T08:17:03'
System info: host: 'ALIPL5413', ip: '192.168.0.106', os.name: 'Windows 10', os.arch: 'amd64', os.version: '10.0', java.version: '17.0.6'
Driver info: driver.version: EdgeDriver
remote stacktrace: GetHandleVerifier [0x00007FF7177B4A52+60594]
Microsoft::Applications::Events::ILogConfiguration::operator* [0x00007FF717743442+216434]
(No symbol) [0x00007FF7175599EB]
(No symbol) [0x00007FF7175983D0]
(No symbol) [0x00007FF7175976CF]
(No symbol) [0x00007FF717590784]
(No symbol) [0x00007FF71758C73C]
(No symbol) [0x00007FF7175D5F69]
(No symbol) [0x00007FF7175CAE03]
(No symbol) [0x00007FF71759C168]
(No symbol) [0x00007FF71759AFCF]
(No symbol) [0x00007FF71759BD01]
Microsoft::Applications::Events::EventProperty::to_string [0x00007FF717962E1C+1037772]
(No symbol) [0x00007FF71761ED58]
Microsoft::Applications::Events::EventProperty::~EventProperty [0x00007FF7176BD2EC+35148]
Microsoft::Applications::Events::EventProperty::~EventProperty [0x00007FF7176B5522+2946]
Microsoft::Applications::Events::EventProperty::to_string [0x00007FF717961863+1032211]
Microsoft::Applications::Events::ILogConfiguration::operator* [0x00007FF71774C768+254104]
Microsoft::Applications::Events::ILogConfiguration::operator* [0x00007FF717747F54+235652]
Microsoft::Applications::Events::ILogConfiguration::operator* [0x00007FF717748082+235954]
Microsoft::Applications::Events::ILogConfiguration::operator* [0x00007FF71773DA11+193345]
BaseThreadInitThunk [0x00007FF9C4E07344+20]
RtlUserThreadStart [0x00007FF9C6DE26B1+33]

at java.base/jdk.internal.reflect.NativeConstructorAccessorImpl.newInstance0(Native Method)
at java.base/jdk.internal.reflect.NativeConstructorAccessorImpl.newInstance(NativeConstructorAccessorImpl.java:77)
at java.base/jdk.internal.reflect.DelegatingConstructorAccessorImpl.newInstance(DelegatingConstructorAccessorImpl.java:45)
at java.base/java.lang.reflect.Constructor.newInstanceWithCaller(Constructor.java:499)
at java.base/java.lang.reflect.Constructor.newInstance(Constructor.java:480)
at org.openqa.selenium.remote.W3CHandshakeResponse.lambda$errorHandler$0(W3CHandshakeResponse.java:62)
at org.openqa.selenium.remote.HandshakeResponse.lambda$getResponseFunction$0(HandshakeResponse.java:30)
at org.openqa.selenium.remote.ProtocolHandshake.lambda$createSession$0(ProtocolHandshake.java:126)
at java.base/java.util.stream.ReferencePipeline$3$1.accept(ReferencePipeline.java:197)
at java.base/java.util.Spliterators$ArraySpliterator.tryAdvance(Spliterators.java:1002)
at java.base/java.util.stream.ReferencePipeline.forEachWithCancel(ReferencePipeline.java:129)
at java.base/java.util.stream.AbstractPipeline.copyIntoWithCancel(AbstractPipeline.java:527)
at java.base/java.util.stream.AbstractPipeline.copyInto(AbstractPipeline.java:513)
at java.base/java.util.stream.AbstractPipeline.wrapAndCopyInto(AbstractPipeline.java:499)
at java.base/java.util.stream.FindOps$FindOp.evaluateSequential(FindOps.java:150)
at java.base/java.util.stream.AbstractPipeline.evaluate(AbstractPipeline.java:234)
at java.base/java.util.stream.ReferencePipeline.findFirst(ReferencePipeline.java:647)
at org.openqa.selenium.remote.ProtocolHandshake.createSession(ProtocolHandshake.java:128)
at org.openqa.selenium.remote.ProtocolHandshake.createSession(ProtocolHandshake.java:74)
at org.openqa.selenium.remote.HttpCommandExecutor.execute(HttpCommandExecutor.java:136)
at org.openqa.selenium.remote.service.DriverCommandExecutor.execute(DriverCommandExecutor.java:83)
at org.openqa.selenium.remote.RemoteWebDriver.execute(RemoteWebDriver.java:552)
at org.openqa.selenium.remote.RemoteWebDriver.startSession(RemoteWebDriver.java:213)
at org.openqa.selenium.remote.RemoteWebDriver.<init>(RemoteWebDriver.java:131)
at org.openqa.selenium.edge.EdgeDriver.<init>(EdgeDriver.java:141)
at org.openqa.selenium.edge.EdgeDriver.<init>(EdgeDriver.java:96)
at tests.WebElement_findElement.find(WebElement_findElement.java:23)
at java.base/jdk.internal.reflect.NativeMethodAccessorImpl.invoke0(Native Method)
at java.base/jdk.internal.reflect.NativeMethodAccessorImpl.invoke(NativeMethodAccessorImpl.java:77)
at java.base/jdk.internal.reflect.DelegatingMethodAccessorImpl.invoke(DelegatingMethodAccessorImpl.java:43)
at java.base/java.lang.reflect.Method.invoke(Method.java:568)
at org.testng.internal.invokers.MethodInvocationHelper.invokeMethod(MethodInvocationHelper.java:139)
at org.testng.internal.invokers.TestInvoker.invokeMethod(TestInvoker.java:677)
at org.testng.internal.invokers.TestInvoker.invokeTestMethod(TestInvoker.java:221)
at org.testng.internal.invokers.MethodRunner.runInSequence(MethodRunner.java:50)
at org.testng.internal.invokers.TestInvoker$MethodInvocationAgent.invoke(TestInvoker.java:969)
at org.testng.internal.invokers.TestInvoker.invokeTestMethods(TestInvoker.java:194)
at org.testng.internal.invokers.TestMethodWorker.invokeTestMethods(TestMethodWorker.java:148)
at org.testng.internal.invokers.TestMethodWorker.run(TestMethodWorker.java:128)
at java.base/java.util.ArrayList.forEach(ArrayList.java:1511)
at org.testng.TestRunner.privateRun(TestRunner.java:829)
at org.testng.TestRunner.run(TestRunner.java:602)
at org.testng.SuiteRunner.runTest(SuiteRunner.java:437)
at org.testng.SuiteRunner.runSequentially(SuiteRunner.java:431)
at org.testng.SuiteRunner.privateRun(SuiteRunner.java:391)
at org.testng.SuiteRunner.run(SuiteRunner.java:330)
at org.testng.SuiteRunnerWorker.runSuite(SuiteRunnerWorker.java:52)
at org.testng.SuiteRunnerWorker.run(SuiteRunnerWorker.java:95)
at org.testng.TestNG.runSuitesSequentially(TestNG.java:1256)
at org.testng.TestNG.runSuitesLocally(TestNG.java:1176)
at org.testng.TestNG.runSuites(TestNG.java:1099)
at org.testng.TestNG.run(TestNG.java:1067)
at org.testng.remote.AbstractRemoteTestNG.run(AbstractRemoteTestNG.java:115)
at org.testng.remote.RemoteTestNG.initAndRun(RemoteTestNG.java:251)
at org.testng.remote.RemoteTestNG.main(RemoteTestNG.java:77)
]]>
    </error>
  </testcase> <!-- find -->
  <system-out/>
</testsuite> <!-- tests.WebElement_findElement -->
